<?xml version="1.0" encoding="UTF-8"?>
<!-- Generated by org.testng.reporters.JUnitReportReporter -->
<testsuite skipped="0" hostname="HamzaAleem-PC" name="TestProject.test.Logintests" tests="2" failures="0" timestamp="08 Feb 2023 08:04:12 GMT" time="12.619" errors="0">
  <testcase name="login" time="4.435" classname="TestProject.test.Logintests"/>
  <testcase name="logout" time="8.184" classname="TestProject.test.Logintests"/>
</testsuite> <!-- TestProject.test.Logintests -->
